Note that users no longer need to load the SLURM module. You may remove 'module
load slurm' from your scripts. 
Please read this resource guide to understand the above behavior:
https://www.marcc.jhu.edu/getting-started/working-with-modules-on-centos-7/ 

Lmod is automatically replacing "intel/18.0" with "gcc/5.5.0".


Due to MODULEPATH changes, the following have been reloaded:
  1) openmpi/3.1

Note that users no longer need to load the SLURM module. You may remove 'module
load slurm' from your scripts. 
Please read this resource guide to understand the above behavior:
https://www.marcc.jhu.edu/getting-started/working-with-modules-on-centos-7/ 
v2
R version 3.5.1 (2018-07-02) 
Loading required package: Rcpp
DADA2: 1.10.0 / Rcpp: 1.0.4.6 / RcppParallel: 5.0.0 
1) Filtering ..
2) Learning Error Rates
39731943 total bases in 190843 reads from 2 samples will be used for learning the error rates.
3) Denoise samples ..
4) Remove chimeras (method = consensus)
5) Report read numbers through the pipeline
6) Write output
Running external command line application(s). This may print messages to stdout and/or stderr.
The command(s) being run are below. These commands cannot be manually re-run as they will depend on temporary files that no longer exist.

Command: run_dada_single.R /home-1/cjone228@jhu.edu/scratch/qiime2-archive-4byk5wr1/733d80e7-b469-4c66-8280-814ab68b2d00/data /home-1/cjone228@jhu.edu/scratch/tmpwhkhmhh8/output.tsv.biom /home-1/cjone228@jhu.edu/scratch/tmpwhkhmhh8/track.tsv /home-1/cjone228@jhu.edu/scratch/tmpwhkhmhh8 0 0 5.0 2 Inf independent consensus 1.0 4 250000 -1 32

Saved FeatureTable[Frequency] to: ../external/P02-dada2/v2/chip1-v2-table.qza
Saved FeatureData[Sequence] to: ../external/P02-dada2/v2/chip1-v2-rep-seqs.qza
Saved SampleData[DADA2Stats] to: ../external/P02-dada2/v2/chip1-v2-denoise-stats.qza
Exported ../external/P02-dada2/v2/chip1-v2-denoise-stats.qza as DADA2StatsDirFmt to directory ../external/P02-dada2/v2/exported-denoise-stats/chip1-v2-stats.tsv
tabulating DADA2 summary statistics
Saved Visualization to: ../external/P02-dada2/v2/chip1-v2-denoise-stats.qzv
R version 3.5.1 (2018-07-02) 
Loading required package: Rcpp
DADA2: 1.10.0 / Rcpp: 1.0.4.6 / RcppParallel: 5.0.0 
1) Filtering .
2) Learning Error Rates
5354917 total bases in 25894 reads from 1 samples will be used for learning the error rates.
3) Denoise samples .
4) Remove chimeras (method = consensus)
5) Report read numbers through the pipeline
6) Write output
Running external command line application(s). This may print messages to stdout and/or stderr.
The command(s) being run are below. These commands cannot be manually re-run as they will depend on temporary files that no longer exist.

Command: run_dada_single.R /home-1/cjone228@jhu.edu/scratch/qiime2-archive-6fxy11p7/300a7b46-9ca8-414e-b82e-c1c8b6e18ab2/data /home-1/cjone228@jhu.edu/scratch/tmpr2clz1uj/output.tsv.biom /home-1/cjone228@jhu.edu/scratch/tmpr2clz1uj/track.tsv /home-1/cjone228@jhu.edu/scratch/tmpr2clz1uj 0 0 5.0 2 Inf independent consensus 1.0 4 250000 -1 32

Saved FeatureTable[Frequency] to: ../external/P02-dada2/v2/chip2-v2-table.qza
Saved FeatureData[Sequence] to: ../external/P02-dada2/v2/chip2-v2-rep-seqs.qza
Saved SampleData[DADA2Stats] to: ../external/P02-dada2/v2/chip2-v2-denoise-stats.qza
Exported ../external/P02-dada2/v2/chip2-v2-denoise-stats.qza as DADA2StatsDirFmt to directory ../external/P02-dada2/v2/exported-denoise-stats/chip2-v2-stats.tsv
tabulating DADA2 summary statistics
Saved Visualization to: ../external/P02-dada2/v2/chip2-v2-denoise-stats.qzv
R version 3.5.1 (2018-07-02) 
Loading required package: Rcpp
DADA2: 1.10.0 / Rcpp: 1.0.4.6 / RcppParallel: 5.0.0 
1) Filtering ..
2) Learning Error Rates
21389196 total bases in 101536 reads from 2 samples will be used for learning the error rates.
3) Denoise samples ..
4) Remove chimeras (method = consensus)
5) Report read numbers through the pipeline
6) Write output
Running external command line application(s). This may print messages to stdout and/or stderr.
The command(s) being run are below. These commands cannot be manually re-run as they will depend on temporary files that no longer exist.

Command: run_dada_single.R /home-1/cjone228@jhu.edu/scratch/qiime2-archive-of81qrcu/9d8eb362-503a-48fc-80c9-f49cf0808b2a/data /home-1/cjone228@jhu.edu/scratch/tmpjr9s4_3l/output.tsv.biom /home-1/cjone228@jhu.edu/scratch/tmpjr9s4_3l/track.tsv /home-1/cjone228@jhu.edu/scratch/tmpjr9s4_3l 0 0 5.0 2 Inf independent consensus 1.0 4 250000 -1 32

Saved FeatureTable[Frequency] to: ../external/P02-dada2/v2/chip3-v2-table.qza
Saved FeatureData[Sequence] to: ../external/P02-dada2/v2/chip3-v2-rep-seqs.qza
Saved SampleData[DADA2Stats] to: ../external/P02-dada2/v2/chip3-v2-denoise-stats.qza
Exported ../external/P02-dada2/v2/chip3-v2-denoise-stats.qza as DADA2StatsDirFmt to directory ../external/P02-dada2/v2/exported-denoise-stats/chip3-v2-stats.tsv
tabulating DADA2 summary statistics
Saved Visualization to: ../external/P02-dada2/v2/chip3-v2-denoise-stats.qzv
Performing table merging
Saved FeatureTable[Frequency] to: ../external/P02-dada2/v2/merged-v2-table.qza
Saved FeatureData[Sequence] to: ../external/P02-dada2/v2/merged-v2-rep-seqs.qza
Exported ../external/P02-dada2/v2/merged-v2-table.qza as BIOMV210DirFmt to directory ../external/P02-dada2/v2/merged
Exported ../external/P02-dada2/v2/merged-v2-rep-seqs.qza as DNASequencesDirectoryFormat to directory ../external/P02-dada2/v2/merged
