Note that users no longer need to load the SLURM module. You may remove 'module
load slurm' from your scripts. 
Please read this resource guide to understand the above behavior:
https://www.marcc.jhu.edu/getting-started/working-with-modules-on-centos-7/ 

Lmod is automatically replacing "intel/18.0" with "gcc/5.5.0".


Due to MODULEPATH changes, the following have been reloaded:
  1) openmpi/3.1

Note that users no longer need to load the SLURM module. You may remove 'module
load slurm' from your scripts. 
Please read this resource guide to understand the above behavior:
https://www.marcc.jhu.edu/getting-started/working-with-modules-on-centos-7/ 
v9
R version 3.5.1 (2018-07-02) 
Loading required package: Rcpp
DADA2: 1.10.0 / Rcpp: 1.0.4.6 / RcppParallel: 5.0.0 
1) Filtering ..
2) Learning Error Rates
53995514 total bases in 321999 reads from 2 samples will be used for learning the error rates.
3) Denoise samples ..
4) Remove chimeras (method = consensus)
5) Report read numbers through the pipeline
6) Write output
Running external command line application(s). This may print messages to stdout and/or stderr.
The command(s) being run are below. These commands cannot be manually re-run as they will depend on temporary files that no longer exist.

Command: run_dada_single.R /home-1/cjone228@jhu.edu/scratch/qiime2-archive-60uwtvlv/03c12841-6853-42d5-905e-5714d4912376/data /home-1/cjone228@jhu.edu/scratch/tmp38a_z8u4/output.tsv.biom /home-1/cjone228@jhu.edu/scratch/tmp38a_z8u4/track.tsv /home-1/cjone228@jhu.edu/scratch/tmp38a_z8u4 0 0 5.0 2 Inf independent consensus 1.0 4 250000 -1 32

Saved FeatureTable[Frequency] to: ../external/P02-dada2/v9/chip1-v9-table.qza
Saved FeatureData[Sequence] to: ../external/P02-dada2/v9/chip1-v9-rep-seqs.qza
Saved SampleData[DADA2Stats] to: ../external/P02-dada2/v9/chip1-v9-denoise-stats.qza
Exported ../external/P02-dada2/v9/chip1-v9-denoise-stats.qza as DADA2StatsDirFmt to directory ../external/P02-dada2/v9/exported-denoise-stats/chip1-v9-stats.tsv
tabulating DADA2 summary statistics
Saved Visualization to: ../external/P02-dada2/v9/chip1-v9-denoise-stats.qzv
R version 3.5.1 (2018-07-02) 
Loading required package: Rcpp
DADA2: 1.10.0 / Rcpp: 1.0.4.6 / RcppParallel: 5.0.0 
1) Filtering .
2) Learning Error Rates
1990639 total bases in 11726 reads from 1 samples will be used for learning the error rates.
3) Denoise samples .
4) Remove chimeras (method = consensus)
5) Report read numbers through the pipeline
6) Write output
Running external command line application(s). This may print messages to stdout and/or stderr.
The command(s) being run are below. These commands cannot be manually re-run as they will depend on temporary files that no longer exist.

Command: run_dada_single.R /home-1/cjone228@jhu.edu/scratch/qiime2-archive-3tnu83i7/2fdd2f61-7bdd-4562-a53f-fc007993285c/data /home-1/cjone228@jhu.edu/scratch/tmpl5dxsiq4/output.tsv.biom /home-1/cjone228@jhu.edu/scratch/tmpl5dxsiq4/track.tsv /home-1/cjone228@jhu.edu/scratch/tmpl5dxsiq4 0 0 5.0 2 Inf independent consensus 1.0 4 250000 -1 32

Saved FeatureTable[Frequency] to: ../external/P02-dada2/v9/chip2-v9-table.qza
Saved FeatureData[Sequence] to: ../external/P02-dada2/v9/chip2-v9-rep-seqs.qza
Saved SampleData[DADA2Stats] to: ../external/P02-dada2/v9/chip2-v9-denoise-stats.qza
Exported ../external/P02-dada2/v9/chip2-v9-denoise-stats.qza as DADA2StatsDirFmt to directory ../external/P02-dada2/v9/exported-denoise-stats/chip2-v9-stats.tsv
tabulating DADA2 summary statistics
Saved Visualization to: ../external/P02-dada2/v9/chip2-v9-denoise-stats.qzv
R version 3.5.1 (2018-07-02) 
Loading required package: Rcpp
DADA2: 1.10.0 / Rcpp: 1.0.4.6 / RcppParallel: 5.0.0 
1) Filtering ..
2) Learning Error Rates
12107516 total bases in 71512 reads from 2 samples will be used for learning the error rates.
3) Denoise samples ..
4) Remove chimeras (method = consensus)
5) Report read numbers through the pipeline
6) Write output
Running external command line application(s). This may print messages to stdout and/or stderr.
The command(s) being run are below. These commands cannot be manually re-run as they will depend on temporary files that no longer exist.

Command: run_dada_single.R /home-1/cjone228@jhu.edu/scratch/qiime2-archive-6vlcc8qj/27e83541-de27-473e-8867-987a0b9f63cf/data /home-1/cjone228@jhu.edu/scratch/tmpidrpuh76/output.tsv.biom /home-1/cjone228@jhu.edu/scratch/tmpidrpuh76/track.tsv /home-1/cjone228@jhu.edu/scratch/tmpidrpuh76 0 0 5.0 2 Inf independent consensus 1.0 4 250000 -1 32

Saved FeatureTable[Frequency] to: ../external/P02-dada2/v9/chip3-v9-table.qza
Saved FeatureData[Sequence] to: ../external/P02-dada2/v9/chip3-v9-rep-seqs.qza
Saved SampleData[DADA2Stats] to: ../external/P02-dada2/v9/chip3-v9-denoise-stats.qza
Exported ../external/P02-dada2/v9/chip3-v9-denoise-stats.qza as DADA2StatsDirFmt to directory ../external/P02-dada2/v9/exported-denoise-stats/chip3-v9-stats.tsv
tabulating DADA2 summary statistics
Saved Visualization to: ../external/P02-dada2/v9/chip3-v9-denoise-stats.qzv
Performing table merging
Saved FeatureTable[Frequency] to: ../external/P02-dada2/v9/merged-v9-table.qza
Saved FeatureData[Sequence] to: ../external/P02-dada2/v9/merged-v9-rep-seqs.qza
Exported ../external/P02-dada2/v9/merged-v9-table.qza as BIOMV210DirFmt to directory ../external/P02-dada2/v9/merged
Exported ../external/P02-dada2/v9/merged-v9-rep-seqs.qza as DNASequencesDirectoryFormat to directory ../external/P02-dada2/v9/merged
