Note that users no longer need to load the SLURM module. You may remove 'module
load slurm' from your scripts. 
Please read this resource guide to understand the above behavior:
https://www.marcc.jhu.edu/getting-started/working-with-modules-on-centos-7/ 

Lmod is automatically replacing "intel/18.0" with "gcc/5.5.0".


Due to MODULEPATH changes, the following have been reloaded:
  1) openmpi/3.1

Note that users no longer need to load the SLURM module. You may remove 'module
load slurm' from your scripts. 
Please read this resource guide to understand the above behavior:
https://www.marcc.jhu.edu/getting-started/working-with-modules-on-centos-7/ 
v8
R version 3.5.1 (2018-07-02) 
Loading required package: Rcpp
DADA2: 1.10.0 / Rcpp: 1.0.4.6 / RcppParallel: 5.0.0 
1) Filtering ..
2) Learning Error Rates
73336893 total bases in 306476 reads from 2 samples will be used for learning the error rates.
3) Denoise samples ..
4) Remove chimeras (method = consensus)
5) Report read numbers through the pipeline
6) Write output
Running external command line application(s). This may print messages to stdout and/or stderr.
The command(s) being run are below. These commands cannot be manually re-run as they will depend on temporary files that no longer exist.

Command: run_dada_single.R /home-1/cjone228@jhu.edu/scratch/qiime2-archive-osp97w7l/a6ec1a6c-8b09-40c9-a89a-59f38128a624/data /home-1/cjone228@jhu.edu/scratch/tmp4fjr5kcs/output.tsv.biom /home-1/cjone228@jhu.edu/scratch/tmp4fjr5kcs/track.tsv /home-1/cjone228@jhu.edu/scratch/tmp4fjr5kcs 0 0 5.0 2 Inf independent consensus 1.0 4 250000 -1 32

Saved FeatureTable[Frequency] to: ../external/P02-dada2/v8/chip1-v8-table.qza
Saved FeatureData[Sequence] to: ../external/P02-dada2/v8/chip1-v8-rep-seqs.qza
Saved SampleData[DADA2Stats] to: ../external/P02-dada2/v8/chip1-v8-denoise-stats.qza
Exported ../external/P02-dada2/v8/chip1-v8-denoise-stats.qza as DADA2StatsDirFmt to directory ../external/P02-dada2/v8/exported-denoise-stats/chip1-v8-stats.tsv
tabulating DADA2 summary statistics
Saved Visualization to: ../external/P02-dada2/v8/chip1-v8-denoise-stats.qzv
R version 3.5.1 (2018-07-02) 
Loading required package: Rcpp
DADA2: 1.10.0 / Rcpp: 1.0.4.6 / RcppParallel: 5.0.0 
1) Filtering .
2) Learning Error Rates
3727748 total bases in 15575 reads from 1 samples will be used for learning the error rates.
3) Denoise samples .
4) Remove chimeras (method = consensus)
5) Report read numbers through the pipeline
6) Write output
Running external command line application(s). This may print messages to stdout and/or stderr.
The command(s) being run are below. These commands cannot be manually re-run as they will depend on temporary files that no longer exist.

Command: run_dada_single.R /home-1/cjone228@jhu.edu/scratch/qiime2-archive-feac3dsf/9a903a01-a0cf-44bc-b277-f78a4283c0e5/data /home-1/cjone228@jhu.edu/scratch/tmp2vvv63nn/output.tsv.biom /home-1/cjone228@jhu.edu/scratch/tmp2vvv63nn/track.tsv /home-1/cjone228@jhu.edu/scratch/tmp2vvv63nn 0 0 5.0 2 Inf independent consensus 1.0 4 250000 -1 32

Saved FeatureTable[Frequency] to: ../external/P02-dada2/v8/chip2-v8-table.qza
Saved FeatureData[Sequence] to: ../external/P02-dada2/v8/chip2-v8-rep-seqs.qza
Saved SampleData[DADA2Stats] to: ../external/P02-dada2/v8/chip2-v8-denoise-stats.qza
Exported ../external/P02-dada2/v8/chip2-v8-denoise-stats.qza as DADA2StatsDirFmt to directory ../external/P02-dada2/v8/exported-denoise-stats/chip2-v8-stats.tsv
tabulating DADA2 summary statistics
Saved Visualization to: ../external/P02-dada2/v8/chip2-v8-denoise-stats.qzv
R version 3.5.1 (2018-07-02) 
Loading required package: Rcpp
DADA2: 1.10.0 / Rcpp: 1.0.4.6 / RcppParallel: 5.0.0 
1) Filtering ..
2) Learning Error Rates
24252573 total bases in 100252 reads from 2 samples will be used for learning the error rates.
3) Denoise samples ..
4) Remove chimeras (method = consensus)
5) Report read numbers through the pipeline
6) Write output
Running external command line application(s). This may print messages to stdout and/or stderr.
The command(s) being run are below. These commands cannot be manually re-run as they will depend on temporary files that no longer exist.

Command: run_dada_single.R /home-1/cjone228@jhu.edu/scratch/qiime2-archive-6nyh2f0c/3990f9d0-cc85-4943-89cb-bd1992e94b60/data /home-1/cjone228@jhu.edu/scratch/tmp56hsr8f8/output.tsv.biom /home-1/cjone228@jhu.edu/scratch/tmp56hsr8f8/track.tsv /home-1/cjone228@jhu.edu/scratch/tmp56hsr8f8 0 0 5.0 2 Inf independent consensus 1.0 4 250000 -1 32

Saved FeatureTable[Frequency] to: ../external/P02-dada2/v8/chip3-v8-table.qza
Saved FeatureData[Sequence] to: ../external/P02-dada2/v8/chip3-v8-rep-seqs.qza
Saved SampleData[DADA2Stats] to: ../external/P02-dada2/v8/chip3-v8-denoise-stats.qza
Exported ../external/P02-dada2/v8/chip3-v8-denoise-stats.qza as DADA2StatsDirFmt to directory ../external/P02-dada2/v8/exported-denoise-stats/chip3-v8-stats.tsv
tabulating DADA2 summary statistics
Saved Visualization to: ../external/P02-dada2/v8/chip3-v8-denoise-stats.qzv
Performing table merging
Saved FeatureTable[Frequency] to: ../external/P02-dada2/v8/merged-v8-table.qza
Saved FeatureData[Sequence] to: ../external/P02-dada2/v8/merged-v8-rep-seqs.qza
Exported ../external/P02-dada2/v8/merged-v8-table.qza as BIOMV210DirFmt to directory ../external/P02-dada2/v8/merged
Exported ../external/P02-dada2/v8/merged-v8-rep-seqs.qza as DNASequencesDirectoryFormat to directory ../external/P02-dada2/v8/merged
